\BOOKMARK [1][-]{section*.1}{\376\377\000I\000n\000t\000r\000o\000d\000u\000c\000t\000i\000o\000n}{}% 1
\BOOKMARK [1][-]{section*.2}{\376\377\000M\000e\000t\000h\000o\000d\000o\000l\000o\000g\000y}{}% 2
\BOOKMARK [2][-]{section*.4}{\376\377\000D\000a\000t\000a\000\040\000C\000o\000l\000l\000e\000c\000t\000i\000o\000n}{section*.2}% 3
\BOOKMARK [2][-]{section*.6}{\376\377\000P\000r\000e\000p\000r\000o\000c\000e\000s\000s\000i\000n\000g}{section*.2}% 4
\BOOKMARK [2][-]{section*.7}{\376\377\000I\000d\000e\000n\000t\000i\000f\000i\000c\000a\000t\000i\000o\000n\000\040\000o\000f\000\040\000R\000e\000f\000e\000r\000e\000n\000c\000e\000s\000\040\000t\000o\000\040\000S\000c\000i\000e\000n\000c\000e}{section*.2}% 5
\BOOKMARK [3][-]{section*.8}{\376\377\000D\000e\000f\000i\000n\000i\000t\000i\000o\000n\000\040\000o\000f\000\040\000S\000c\000i\000e\000n\000c\000e\000:\000\040\000U\000N\000E\000S\000C\000O\000\040\000T\000h\000e\000s\000a\000u\000r\000u\000s}{section*.7}% 6
\BOOKMARK [3][-]{section*.9}{\376\377\000E\000m\000b\000e\000d\000d\000i\000n\000g\000\040\000M\000o\000d\000e\000l\000\040\000S\000e\000l\000e\000c\000t\000i\000o\000n}{section*.7}% 7
\BOOKMARK [3][-]{section*.10}{\376\377\000C\000o\000s\000i\000n\000e\000\040\000S\000i\000m\000i\000l\000a\000r\000i\000t\000y}{section*.7}% 8
\BOOKMARK [3][-]{section*.11}{\376\377\000S\000e\000l\000e\000c\000t\000i\000o\000n\000\040\000T\000h\000r\000e\000s\000h\000o\000l\000d}{section*.7}% 9
\BOOKMARK [2][-]{section*.13}{\376\377\000D\000e\000s\000c\000r\000i\000p\000t\000i\000v\000e\000\040\000a\000n\000d\000\040\000E\000x\000p\000l\000o\000r\000a\000t\000o\000r\000y\000\040\000A\000n\000a\000l\000y\000s\000e\000s\000\040\000o\000f\000\040\000t\000h\000e\000\040\000T\000e\000x\000t}{section*.2}% 10
\BOOKMARK [2][-]{section*.14}{\376\377\000E\000n\000t\000i\000t\000y\000\040\000A\000n\000a\000l\000y\000s\000i\000s\000\040\040\023\000\040\000N\000E\000R}{section*.2}% 11
\BOOKMARK [2][-]{section*.15}{\376\377\000A\000n\000a\000l\000y\000s\000i\000s\000\040\000o\000f\000\040\000T\000o\000p\000i\000c\000s}{section*.2}% 12
\BOOKMARK [2][-]{section*.16}{\376\377\000V\000o\000c\000a\000b\000u\000l\000a\000r\000y\000\040\000A\000n\000a\000l\000y\000s\000i\000s\000\040\000w\000i\000t\000h\000\040\000P\000O\000S\000-\000T\000a\000g\000g\000i\000n\000g}{section*.2}% 13
\BOOKMARK [1][-]{section*.17}{\376\377\000R\000e\000s\000u\000l\000t\000s}{}% 14
\BOOKMARK [2][-]{section*.18}{\376\377\000I\000d\000e\000n\000t\000i\000f\000i\000c\000a\000t\000i\000o\000n\000\040\000o\000f\000\040\000M\000e\000n\000t\000i\000o\000n\000s\000\040\000o\000f\000\040\000S\000c\000i\000e\000n\000c\000e}{section*.17}% 15
\BOOKMARK [2][-]{section*.19}{\376\377\000D\000e\000s\000c\000r\000i\000p\000t\000i\000v\000e\000\040\000a\000n\000d\000\040\000E\000x\000p\000l\000o\000r\000a\000t\000o\000r\000y\000\040\000A\000n\000a\000l\000y\000s\000e\000s}{section*.17}% 16
\BOOKMARK [2][-]{section*.23}{\376\377\000N\000a\000m\000e\000d\000\040\000E\000n\000t\000i\000t\000y\000\040\000R\000e\000c\000o\000g\000n\000i\000t\000i\000o\000n}{section*.17}% 17
\BOOKMARK [2][-]{section*.27}{\376\377\000T\000o\000p\000i\000c\000\040\000m\000o\000d\000e\000l\000i\000n\000g}{section*.17}% 18
\BOOKMARK [2][-]{section*.32}{\376\377\000V\000o\000c\000a\000b\000u\000l\000a\000r\000y\000\040\000a\000n\000a\000l\000y\000s\000i\000s\000\040\000w\000i\000t\000h\000\040\000P\000O\000S\000-\000t\000a\000g\000g\000i\000n\000g}{section*.17}% 19
\BOOKMARK [1][-]{section*.36}{\376\377\000D\000i\000s\000c\000u\000s\000s\000i\000o\000n}{}% 20
